{"/Users/duzhakovip/Documents/Фронтенд - разработчик/js_brauser/dom_new/dom/src/helpers.js": {"path":"/Users/duzhakovip/Documents/Фронтенд - разработчик/js_brauser/dom_new/dom/src/helpers.js","statementMap":{"0":{"start":{"line":3,"column":16},"end":{"line":3,"column":18}},"1":{"start":{"line":11,"column":2},"end":{"line":11,"column":17}},"2":{"start":{"line":17,"column":2},"end":{"line":17,"column":19}},"3":{"start":{"line":22,"column":2},"end":{"line":22,"column":20}},"4":{"start":{"line":26,"column":17},"end":{"line":26,"column":47}},"5":{"start":{"line":27,"column":4},"end":{"line":33,"column":5}},"6":{"start":{"line":28,"column":8},"end":{"line":28,"column":26}},"7":{"start":{"line":29,"column":8},"end":{"line":29,"column":21}},"8":{"start":{"line":32,"column":8},"end":{"line":32,"column":31}},"9":{"start":{"line":38,"column":0},"end":{"line":38,"column":77}}},"fnMap":{"0":{"name":"resetLastIndex","decl":{"start":{"line":10,"column":9},"end":{"line":10,"column":23}},"loc":{"start":{"line":10,"column":26},"end":{"line":12,"column":1}},"line":10},"1":{"name":"getLastIndex","decl":{"start":{"line":16,"column":9},"end":{"line":16,"column":21}},"loc":{"start":{"line":16,"column":24},"end":{"line":18,"column":1}},"line":16},"2":{"name":"setLastIndex","decl":{"start":{"line":21,"column":9},"end":{"line":21,"column":21}},"loc":{"start":{"line":21,"column":29},"end":{"line":23,"column":1}},"line":21},"3":{"name":"getRandomIndex","decl":{"start":{"line":25,"column":9},"end":{"line":25,"column":23}},"loc":{"start":{"line":25,"column":26},"end":{"line":35,"column":1}},"line":25}},"branchMap":{"0":{"loc":{"start":{"line":27,"column":4},"end":{"line":33,"column":5}},"type":"if","locations":[{"start":{"line":27,"column":4},"end":{"line":33,"column":5}},{"start":{"line":31,"column":9},"end":{"line":33,"column":5}}],"line":27}},"s":{"0":1,"1":1,"2":1,"3":1,"4":3,"5":3,"6":2,"7":2,"8":1,"9":1},"f":{"0":1,"1":1,"2":1,"3":3},"b":{"0":[2,1]},"_coverageSchema":"1a1c01bbd47fc00a2c39e90264f33305004495a9","hash":"1adaee1571cb3b896ad60e0f1d27baa50f5bcae2"}
}
